Building DAG of jobs...
Using shell: /usr/bin/bash
Provided cores: 12
Rules claiming more threads will be scaled down.
Job counts:
	count	jobs
	2	filter_fastq
	1	setup_inputs
	3

[Mon Jul  5 00:48:01 2021]
rule filter_fastq:
    input: /home/dan/camda/CAMDA20_MetaSUB_CSD16_BCN_001_2.fastq.gz
    output: data/filtered_fastq/CAMDA20_MetaSUB_CSD16_BCN_001_2.fastq.gz.filtered.gz
    jobid: 2
    wildcards: sample=CAMDA20_MetaSUB_CSD16_BCN_001_2.fastq.gz
    threads: 4


[Mon Jul  5 00:48:01 2021]
rule filter_fastq:
    input: /home/dan/camda/CAMDA20_MetaSUB_CSD16_BCN_001_1.fastq.gz
    output: data/filtered_fastq/CAMDA20_MetaSUB_CSD16_BCN_001_1.fastq.gz.filtered.gz
    jobid: 1
    wildcards: sample=CAMDA20_MetaSUB_CSD16_BCN_001_1.fastq.gz
    threads: 4

Waiting at most 5 seconds for missing files.
MissingOutputException in line 3 of /home/dan/fun/GPS/Snakefile:
Missing files after 5 seconds:
data/filtered_fastq/CAMDA20_MetaSUB_CSD16_BCN_001_2.fastq.gz.filtered.gz
This might be due to filesystem latency. If that is the case, consider to increase the wait time with --latency-wait.
Waiting at most 5 seconds for missing files.
MissingOutputException in line 3 of /home/dan/fun/GPS/Snakefile:
Missing files after 5 seconds:
data/filtered_fastq/CAMDA20_MetaSUB_CSD16_BCN_001_1.fastq.gz.filtered.gz
This might be due to filesystem latency. If that is the case, consider to increase the wait time with --latency-wait.
Shutting down, this might take some time.
Exiting because a job execution failed. Look above for error message
Complete log: /home/dan/fun/GPS/.snakemake/log/2021-07-05T004801.760144.snakemake.log
