Building DAG of jobs...
Using shell: /usr/bin/bash
Provided cores: 12
Rules claiming more threads will be scaled down.
Job counts:
	count	jobs
	2	filter_fastq
	1	setup_inputs
	3

[Mon Jul  5 00:45:39 2021]
rule filter_fastq:
    input: /home/dan/camda/CAMDA20_MetaSUB_CSD16_BCN_001_1.fastq.gz
    output: data/filtered_fastq/CAMDA20_MetaSUB_CSD16_BCN_001_1.fastq.gz.filtered.gz
    jobid: 1
    wildcards: sample=CAMDA20_MetaSUB_CSD16_BCN_001_1.fastq.gz
    threads: 4


[Mon Jul  5 00:45:39 2021]
rule filter_fastq:
    input: /home/dan/camda/CAMDA20_MetaSUB_CSD16_BCN_001_2.fastq.gz
    output: data/filtered_fastq/CAMDA20_MetaSUB_CSD16_BCN_001_2.fastq.gz.filtered.gz
    jobid: 2
    wildcards: sample=CAMDA20_MetaSUB_CSD16_BCN_001_2.fastq.gz
    threads: 4

[Mon Jul  5 00:45:39 2021]
Error in rule filter_fastq:
    jobid: 1
    output: data/filtered_fastq/CAMDA20_MetaSUB_CSD16_BCN_001_1.fastq.gz.filtered.gz
    shell:
        fastqc /home/dan/camda/CAMDA20_MetaSUB_CSD16_BCN_001_1.fastq.gz
        (one of the commands exited with non-zero exit code; note that snakemake uses bash strict mode!)

[Mon Jul  5 00:45:39 2021]
Error in rule filter_fastq:
    jobid: 2
    output: data/filtered_fastq/CAMDA20_MetaSUB_CSD16_BCN_001_2.fastq.gz.filtered.gz
    shell:
        fastqc /home/dan/camda/CAMDA20_MetaSUB_CSD16_BCN_001_2.fastq.gz
        (one of the commands exited with non-zero exit code; note that snakemake uses bash strict mode!)

Shutting down, this might take some time.
Exiting because a job execution failed. Look above for error message
Complete log: /home/dan/fun/GPS/.snakemake/log/2021-07-05T004539.460792.snakemake.log
